<?xml version="1.0" encoding="UTF-8"?>
<!-- Generated by org.testng.reporters.JUnitXMLReporter -->
<testsuite ignored="0" hostname="DESKTOP-KGARMQN" failures="0" tests="3" name="Test" time="0.144" errors="0" timestamp="2021-10-28T15:26:52 IST">
  <testcase classname="Browser.Browser" name="@BeforeSuite report" time="3.652">
    <failure type="org.openqa.selenium.WebDriverException" message="unknown error: cannot determine loading status
from disconnected: unable to send message to renderer
  (Session info: chrome=95.0.4638.54)
Build info: version: &amp;apos;3.141.5&amp;apos;, revision: &amp;apos;d54ebd709a&amp;apos;, time: &amp;apos;2018-11-06T11:42:16&amp;apos;
System info: host: &amp;apos;DESKTOP-KGARMQN&amp;apos;, ip: &amp;apos;10.0.0.71&amp;apos;, os.name: &amp;apos;Windows 10&amp;apos;, os.arch: &amp;apos;amd64&amp;apos;, os.version: &amp;apos;10.0&amp;apos;, java.version: &amp;apos;17&amp;apos;
Driver info: org.openqa.selenium.chrome.ChromeDriver
Capabilities {acceptInsecureCerts: false, browserName: chrome, browserVersion: 95.0.4638.54, chrome: {chromedriverVersion: 95.0.4638.54 (d31a821ec901f..., userDataDir: C:\Users\ephron\AppData\Loc...}, goog:chromeOptions: {debuggerAddress: localhost:65163}, javascriptEnabled: true, networkConnectionEnabled: false, pageLoadStrategy: normal, platform: WINDOWS, platformName: WINDOWS, proxy: Proxy(), setWindowRect: true, strictFileInteractability: false, timeouts: {implicit: 0, pageLoad: 300000, script: 30000}, unhandledPromptBehavior: dismiss and notify, webauthn:extension:credBlob: true, webauthn:extension:largeBlob: true, webauthn:virtualAuthenticators: true}
Session ID: 28a859dcd1954d779cadaa075bd98499">
      <![CDATA[org.openqa.selenium.WebDriverException: unknown error: cannot determine loading status
from disconnected: unable to send message to renderer
  (Session info: chrome=95.0.4638.54)
Build info: version: '3.141.5', revision: 'd54ebd709a', time: '2018-11-06T11:42:16'
System info: host: 'DESKTOP-KGARMQN', ip: '10.0.0.71', os.name: 'Windows 10', os.arch: 'amd64', os.version: '10.0', java.version: '17'
Driver info: org.openqa.selenium.chrome.ChromeDriver
Capabilities {acceptInsecureCerts: false, browserName: chrome, browserVersion: 95.0.4638.54, chrome: {chromedriverVersion: 95.0.4638.54 (d31a821ec901f..., userDataDir: C:\Users\ephron\AppData\Loc...}, goog:chromeOptions: {debuggerAddress: localhost:65163}, javascriptEnabled: true, networkConnectionEnabled: false, pageLoadStrategy: normal, platform: WINDOWS, platformName: WINDOWS, proxy: Proxy(), setWindowRect: true, strictFileInteractability: false, timeouts: {implicit: 0, pageLoad: 300000, script: 30000}, unhandledPromptBehavior: dismiss and notify, webauthn:extension:credBlob: true, webauthn:extension:largeBlob: true, webauthn:virtualAuthenticators: true}
Session ID: 28a859dcd1954d779cadaa075bd98499
at org.openqa.selenium.remote.http.W3CHttpResponseCodec.createException(W3CHttpResponseCodec.java:187)
at org.openqa.selenium.remote.http.W3CHttpResponseCodec.decode(W3CHttpResponseCodec.java:122)
at org.openqa.selenium.remote.http.W3CHttpResponseCodec.decode(W3CHttpResponseCodec.java:49)
at org.openqa.selenium.remote.HttpCommandExecutor.execute(HttpCommandExecutor.java:158)
at org.openqa.selenium.remote.service.DriverCommandExecutor.execute(DriverCommandExecutor.java:83)
at org.openqa.selenium.remote.RemoteWebDriver.execute(RemoteWebDriver.java:552)
at org.openqa.selenium.remote.RemoteWebDriver.get(RemoteWebDriver.java:277)
at Browser.Browser.report(Browser.java:27)
... Removed 24 stack frames]]>
    </failure>
  </testcase> <!-- @BeforeSuite report -->
  <testcase classname="Browser.Browser" name="@BeforeMethod open_Browser" time="-1.635415011774E9">
    <skipped/>
  </testcase> <!-- @BeforeMethod open_Browser -->
  <testcase classname="Browser.Browser" name="@AfterMethod Close_Browser" time="-1.635415011825E9">
    <skipped/>
  </testcase> <!-- @AfterMethod Close_Browser -->
  <testcase classname="Browser.Browser" name="@BeforeMethod open_Browser" time="-1.635415011835E9">
    <skipped/>
  </testcase> <!-- @BeforeMethod open_Browser -->
  <testcase classname="Browser.Browser" name="@AfterMethod Close_Browser" time="-1.635415011852E9">
    <skipped/>
  </testcase> <!-- @AfterMethod Close_Browser -->
  <testcase classname="Browser.Browser" name="@BeforeMethod open_Browser" time="-1.635415011857E9">
    <skipped/>
  </testcase> <!-- @BeforeMethod open_Browser -->
  <testcase classname="Browser.Browser" name="@AfterMethod Close_Browser" time="-1.635415011875E9">
    <skipped/>
  </testcase> <!-- @AfterMethod Close_Browser -->
  <testcase classname="Positive.postive_test" name="Test" time="0.0">
    <skipped/>
  </testcase> <!-- Test -->
  <testcase classname="Positive.postive_test" name="Test2" time="0.0">
    <skipped/>
  </testcase> <!-- Test2 -->
  <testcase classname="Positive.postive_test" name="Test3" time="0.0">
    <skipped/>
  </testcase> <!-- Test3 -->
</testsuite> <!-- Test -->
